<?xml version="1.0" encoding="UTF-8"?>
<!-- Generated by org.testng.reporters.JUnitReportReporter -->
<testsuite hostname="DESKTOP-3MJ0H8H" failures="0" tests="1" name="scripts.TestCase1" time="10.736" errors="0" timestamp="2023-02-14T08:42:15 IST" skipped="0">
  <testcase classname="scripts.TestCase1" name="testA" time="10.736"/>
  <system-out>
    <![CDATA[Google
XL:Bhanu]]>
  </system-out>
</testsuite> <!-- scripts.TestCase1 -->
